<?xml version="1.0" encoding="UTF-8"?>
<!-- Generated by org.testng.reporters.JUnitReportReporter -->
<testsuite hostname="Johnys-MacBook-Pro.local" failures="0" tests="1" name="TestListenersDemo" time="0.001" errors="0" timestamp="2022-09-06T15:58:36 SGT" skipped="0">
  <testcase classname="TestListenersDemo" name="testPrint" time="0.001"/>
  <system-out/>
</testsuite> <!-- TestListenersDemo -->
